LML_da stdout
execute_step: input file for step not found ./tmp_fx02p08_14239/datastep___init__.xml ...
execute_step: --> generating empty ./tmp_fx02p08_14239/datastep___init__.xml ...
[34mRunning PJM/da_system_info_LML.pl
[0mpeterbryz @ fx02p08
[32mwriting to ./tmp_fx02p08_14239/sysinfo_LML.xml
[0m[34mRunning PJM/da_nodes_info_LML.pl
[0m[32m0xFF010010
[0mcpu(0xFF010010) 16
mem(0xFF010010) 29Gi
[32m0xFF010011
[0mcpu(0xFF010011) 16
mem(0xFF010011) 29Gi
[32m0xFF010012
[0mcpu(0xFF010012) 16
mem(0xFF010012) 29Gi
[32m0xFF010013
[0mcpu(0xFF010013) 16
mem(0xFF010013) 29Gi
[32m0xFF010014
[0mcpu(0xFF010014) 16
mem(0xFF010014) 29Gi
[32m0xFF010015
[0mcpu(0xFF010015) 16
mem(0xFF010015) 29Gi
[32m0xFF010016
[0mcpu(0xFF010016) 16
mem(0xFF010016) 29Gi
[32m0xFF010017
[0mcpu(0xFF010017) 16
mem(0xFF010017) 29Gi
[32m0xFF010018
[0mcpu(0xFF010018) 16
mem(0xFF010018) 29Gi
[32m0xFF010019
[0mcpu(0xFF010019) 16
mem(0xFF010019) 29Gi
[32m0xFF01001A
[0mcpu(0xFF01001A) 16
mem(0xFF01001A) 29Gi
[32m0xFF01001B
[0mcpu(0xFF01001B) 16
mem(0xFF01001B) 29Gi
[32m0xFF01001C
[0mcpu(0xFF01001C) 16
mem(0xFF01001C) 29Gi
[32m0xFF01001D
[0mcpu(0xFF01001D) 16
mem(0xFF01001D) 29Gi
[32m0xFF01001E
[0mcpu(0xFF01001E) 16
mem(0xFF01001E) 29Gi
[32m0xFF01001F
[0mcpu(0xFF01001F) 16
mem(0xFF01001F) 29Gi
[32m0xFF010020
[0mcpu(0xFF010020) 16
mem(0xFF010020) 29Gi
[32m0xFF010021
[0mcpu(0xFF010021) 16
mem(0xFF010021) 29Gi
[32m0xFF010022
[0mcpu(0xFF010022) 16
mem(0xFF010022) 29Gi
[32m0xFF010023
[0mcpu(0xFF010023) 16
mem(0xFF010023) 29Gi
[32m0xFF010024
[0mcpu(0xFF010024) 16
mem(0xFF010024) 29Gi
[32m0xFF010025
[0mcpu(0xFF010025) 16
mem(0xFF010025) 29Gi
[32m0xFF010026
[0mcpu(0xFF010026) 16
mem(0xFF010026) 29Gi
[32m0xFF010027
[0mcpu(0xFF010027) 16
mem(0xFF010027) 29Gi
[32m0xFF010028
[0mcpu(0xFF010028) 16
mem(0xFF010028) 29Gi
[32m0xFF010029
[0mcpu(0xFF010029) 16
mem(0xFF010029) 29Gi
[32m0xFF01002A
[0mcpu(0xFF01002A) 16
mem(0xFF01002A) 29Gi
[32m0xFF01002B
[0mcpu(0xFF01002B) 16
mem(0xFF01002B) 29Gi
[32m0xFF01002C
[0mcpu(0xFF01002C) 16
mem(0xFF01002C) 29Gi
[32m0xFF01002D
[0mcpu(0xFF01002D) 16
mem(0xFF01002D) 29Gi
[32m0xFF01002E
[0mcpu(0xFF01002E) 16
mem(0xFF01002E) 29Gi
[32m0xFF01002F
[0mcpu(0xFF01002F) 16
mem(0xFF01002F) 29Gi
[32m0xFF010030
[0mcpu(0xFF010030) 16
mem(0xFF010030) 29Gi
[32m0xFF010031
[0mcpu(0xFF010031) 16
mem(0xFF010031) 29Gi
jobs(0xFF010031) 76230
[32m0xFF010032
[0mcpu(0xFF010032) 16
mem(0xFF010032) 29Gi
[32m0xFF010033
[0mcpu(0xFF010033) 16
mem(0xFF010033) 29Gi
[32m0xFF010034
[0mcpu(0xFF010034) 16
mem(0xFF010034) 29Gi
[32m0xFF010035
[0mcpu(0xFF010035) 16
mem(0xFF010035) 29Gi
[32m0xFF010036
[0mcpu(0xFF010036) 16
mem(0xFF010036) 29Gi
[32m0xFF010037
[0mcpu(0xFF010037) 16
mem(0xFF010037) 29Gi
[32m0xFF010038
[0mcpu(0xFF010038) 16
mem(0xFF010038) 29Gi
[32m0xFF010039
[0mcpu(0xFF010039) 16
mem(0xFF010039) 29Gi
[32m0xFF01003A
[0mcpu(0xFF01003A) 16
mem(0xFF01003A) 29Gi
[32m0xFF01003B
[0mcpu(0xFF01003B) 16
mem(0xFF01003B) 29Gi
[32m0xFF01003C
[0mcpu(0xFF01003C) 16
mem(0xFF01003C) 29Gi
[32m0xFF01003D
[0mcpu(0xFF01003D) 16
mem(0xFF01003D) 29Gi
[32m0xFF01003E
[0mcpu(0xFF01003E) 16
mem(0xFF01003E) 29Gi
[32m0xFF01003F
[0mcpu(0xFF01003F) 16
mem(0xFF01003F) 29Gi
[32m0xFF010040
[0mcpu(0xFF010040) 16
mem(0xFF010040) 29Gi
[32m0xFF010041
[0mcpu(0xFF010041) 16
mem(0xFF010041) 29Gi
[32m0xFF010042
[0mcpu(0xFF010042) 16
mem(0xFF010042) 29Gi
[32m0xFF010043
[0mcpu(0xFF010043) 16
mem(0xFF010043) 29Gi
[32m0xFF010044
[0mcpu(0xFF010044) 16
mem(0xFF010044) 29Gi
[32m0xFF010045
[0mcpu(0xFF010045) 16
mem(0xFF010045) 29Gi
[32m0xFF010046
[0mcpu(0xFF010046) 16
mem(0xFF010046) 29Gi
[32m0xFF010047
[0mcpu(0xFF010047) 16
mem(0xFF010047) 29Gi
[32m0xFF010048
[0mcpu(0xFF010048) 16
mem(0xFF010048) 29Gi
[32m0xFF010049
[0mcpu(0xFF010049) 16
mem(0xFF010049) 29Gi
[32m0xFF01004A
[0mcpu(0xFF01004A) 16
mem(0xFF01004A) 29Gi
[32m0xFF01004B
[0mcpu(0xFF01004B) 16
mem(0xFF01004B) 29Gi
[32m0xFF01004C
[0mcpu(0xFF01004C) 16
mem(0xFF01004C) 29Gi
jobs(0xFF01004C) 76219
[32m0xFF01004D
[0mcpu(0xFF01004D) 16
mem(0xFF01004D) 29Gi
jobs(0xFF01004D) 76219
[32m0xFF01004E
[0mcpu(0xFF01004E) 16
mem(0xFF01004E) 29Gi
jobs(0xFF01004E) 76219
[32m0xFF01004F
[0mcpu(0xFF01004F) 16
mem(0xFF01004F) 29Gi
jobs(0xFF01004F) 76219
[32m0xFF010050
[0mcpu(0xFF010050) 16
mem(0xFF010050) 29Gi
jobs(0xFF010050) 76219
[32m0xFF010051
[0mcpu(0xFF010051) 16
mem(0xFF010051) 29Gi
jobs(0xFF010051) 76219
[32m0xFF010052
[0mcpu(0xFF010052) 16
mem(0xFF010052) 29Gi
jobs(0xFF010052) 76219
[32m0xFF010053
[0mcpu(0xFF010053) 16
mem(0xFF010053) 29Gi
jobs(0xFF010053) 76219
[32m0xFF010054
[0mcpu(0xFF010054) 16
mem(0xFF010054) 29Gi
jobs(0xFF010054) 76219
[32m0xFF010055
[0mcpu(0xFF010055) 16
mem(0xFF010055) 29Gi
jobs(0xFF010055) 76219
[32m0xFF010056
[0mcpu(0xFF010056) 16
mem(0xFF010056) 29Gi
jobs(0xFF010056) 76219
[32m0xFF010057
[0mcpu(0xFF010057) 16
mem(0xFF010057) 29Gi
jobs(0xFF010057) 76219
[32m0xFF010058
[0mcpu(0xFF010058) 16
mem(0xFF010058) 29Gi
jobs(0xFF010058) 75996
[32m0xFF010059
[0mcpu(0xFF010059) 16
mem(0xFF010059) 29Gi
jobs(0xFF010059) 75996
[32m0xFF01005A
[0mcpu(0xFF01005A) 16
mem(0xFF01005A) 29Gi
jobs(0xFF01005A) 75996
[32m0xFF01005B
[0mcpu(0xFF01005B) 16
mem(0xFF01005B) 29Gi
jobs(0xFF01005B) 75996
[32m0xFF01005C
[0mcpu(0xFF01005C) 16
mem(0xFF01005C) 29Gi
jobs(0xFF01005C) 75996
[32m0xFF01005D
[0mcpu(0xFF01005D) 16
mem(0xFF01005D) 29Gi
jobs(0xFF01005D) 75996
[32m0xFF01005E
[0mcpu(0xFF01005E) 16
mem(0xFF01005E) 29Gi
jobs(0xFF01005E) 75996
[32m0xFF01005F
[0mcpu(0xFF01005F) 16
mem(0xFF01005F) 29Gi
jobs(0xFF01005F) 75996
[32m0xFF010060
[0mcpu(0xFF010060) 16
mem(0xFF010060) 29Gi
jobs(0xFF010060) 75996
[32m0xFF010061
[0mcpu(0xFF010061) 16
mem(0xFF010061) 29Gi
jobs(0xFF010061) 75996
[32m0xFF010062
[0mcpu(0xFF010062) 16
mem(0xFF010062) 29Gi
jobs(0xFF010062) 75996
[32m0xFF010063
[0mcpu(0xFF010063) 16
mem(0xFF010063) 29Gi
jobs(0xFF010063) 75996
[32m0xFF010064
[0mcpu(0xFF010064) 16
mem(0xFF010064) 29Gi
jobs(0xFF010064) 76205
[32m0xFF010065
[0mcpu(0xFF010065) 16
mem(0xFF010065) 29Gi
[32m0xFF010066
[0mcpu(0xFF010066) 16
mem(0xFF010066) 29Gi
[32m0xFF010067
[0mcpu(0xFF010067) 16
mem(0xFF010067) 29Gi
jobs(0xFF010067) 76205
[32m0xFF010068
[0mcpu(0xFF010068) 16
mem(0xFF010068) 29Gi
jobs(0xFF010068) 76205
[32m0xFF010069
[0mcpu(0xFF010069) 16
mem(0xFF010069) 29Gi
[32m0xFF01006A
[0mcpu(0xFF01006A) 16
mem(0xFF01006A) 29Gi
[32m0xFF01006B
[0mcpu(0xFF01006B) 16
mem(0xFF01006B) 29Gi
jobs(0xFF01006B) 76205
[32m0xFF01006C
[0mcpu(0xFF01006C) 16
mem(0xFF01006C) 29Gi
jobs(0xFF01006C) 76205
[32m0xFF01006D
[0mcpu(0xFF01006D) 16
mem(0xFF01006D) 29Gi
jobs(0xFF01006D) 76134
[32m0xFF01006E
[0mcpu(0xFF01006E) 16
mem(0xFF01006E) 29Gi
jobs(0xFF01006E) 76134
[32m0xFF01006F
[0mcpu(0xFF01006F) 16
mem(0xFF01006F) 29Gi
jobs(0xFF01006F) 76205
[32mwriting to ./tmp_fx02p08_14239/nodes_LML.xml
[0m[34mRunning PJM/da_jobs_info_LML.pl
[0mOutput of /usr/bin/pjstat -A:
0 / 0xFF010058
1 / 0xFF010060
2 / 0xFF01005C
3 / 0xFF01005F
4 / 0xFF010063
5 / 0xFF01005B
6 / 0xFF01005A
7 / 0xFF010062
8 / 0xFF01005E
9 / 0xFF01005D
10 / 0xFF010061
11 / 0xFF010059
[36m(0xFF010058,16)(0xFF010060,16)(0xFF01005C,16)(0xFF01005F,16)(0xFF010063,16)(0xFF01005B,16)(0xFF01005A,16)(0xFF010062,16)(0xFF01005E,16)(0xFF01005D,16)(0xFF010061,16)(0xFF010059,16)[0m75996 : RUN: 01/21 00:22:45 : 0024:00:00 : 12 : (0xFF010058,16)(0xFF010060,16)(0xFF01005C,16)(0xFF01005F,16)(0xFF010063,16)(0xFF01005B,16)(0xFF01005A,16)(0xFF010062,16)(0xFF01005E,16)(0xFF01005D,16)(0xFF010061,16)(0xFF010059,16) 
0 / 0xFF01006E
1 / 0xFF01006D
[36m(0xFF01006E,16)(0xFF01006D,16)[0m76134 : RUN: 01/21 10:36:02 : 0024:00:00 : 2 : (0xFF01006E,16)(0xFF01006D,16) 
[36m[0m76195 : QUE: (01/22 11:00) : 0006:00:00 : 64 :  
0 / 0xFF010064
1 / 0xFF01006C
2 / 0xFF010068
3 / 0xFF01006B
4 / 0xFF01006F
5 / 0xFF010067
[36m(0xFF010064,16)(0xFF01006C,16)(0xFF010068,16)(0xFF01006B,16)(0xFF01006F,16)(0xFF010067,16)[0m76205 : RUN: 01/21 13:50:39< : 0012:00:00 : 6 : (0xFF010064,16)(0xFF01006C,16)(0xFF010068,16)(0xFF01006B,16)(0xFF01006F,16)(0xFF010067,16) 
0 / 0xFF01004C
1 / 0xFF010054
2 / 0xFF010050
3 / 0xFF010053
4 / 0xFF010057
5 / 0xFF01004F
6 / 0xFF01004E
7 / 0xFF010056
8 / 0xFF010052
9 / 0xFF010051
10 / 0xFF010055
11 / 0xFF01004D
[36m(0xFF01004C,16)(0xFF010054,16)(0xFF010050,16)(0xFF010053,16)(0xFF010057,16)(0xFF01004F,16)(0xFF01004E,16)(0xFF010056,16)(0xFF010052,16)(0xFF010051,16)(0xFF010055,16)(0xFF01004D,16)[0m76219 : RUN: 01/21 14:38:53< : 0006:00:00 : 12 : (0xFF01004C,16)(0xFF010054,16)(0xFF010050,16)(0xFF010053,16)(0xFF010057,16)(0xFF01004F,16)(0xFF01004E,16)(0xFF010056,16)(0xFF010052,16)(0xFF010051,16)(0xFF010055,16)(0xFF01004D,16) 
0 / 0xFF010031
[36m(0xFF010031,16)[0m76230 : RUN: 01/21 15:02:20< : 0000:30:00 : 1 : (0xFF010031,16) 
[32mwriting to ./tmp_fx02p08_14239/jobs_LML.xml
[0mexecute_step: output file not generated by step, renaming input file to ./tmp_fx02p08_14239/datastep_getdata.xml ...
reading file: ./tmp_fx02p08_14239/sysinfo_LML.xml  ...
LML_file_obj: read  XML in 0.0004 sec
LML_file_obj: parse XML in 0.0004 sec
reading file: ./tmp_fx02p08_14239/jobs_LML.xml  ...
LML_file_obj: read  XML in 0.0004 sec
LML_file_obj: WARNING unknown tag >"/< 
LML_file_obj: WARNING unknown tag >"/< 
LML_file_obj: WARNING unknown tag >"/< 
LML_file_obj: parse XML in 0.0013 sec
reading file: ./tmp_fx02p08_14239/nodes_LML.xml  ...
LML_file_obj: read  XML in 0.0007 sec
LML_file_obj: parse XML in 0.0149 sec
scan system: type is Cluster
system_type=Cluster
[31mLML_combine_obj_cluster:update_job_info
[0mERROR: date_to_stddate: could not convert date  '(01/22 11:00)' -> ?
ERROR: date_to_stddate: could not convert date  '01/21 10:36:02' -> ?
ERROR: date_to_stddate: could not convert date  '01/21 00:22:45' -> ?
check_jobs: WARNING: unset attribute 'detailedstatus' 6 occurrences
check_jobs: WARNING: unset attribute 'group' 6 occurrences
check_jobs: WARNING: unset attribute 'nodelist' 5 occurrences
check_jobs: WARNING: unset attribute 'owner' 6 occurrences
check_jobs: WARNING: unset attribute 'queue' 6 occurrences
check_jobs: WARNING: unset attribute 'status' 6 occurrences
check_jobs: WARNING: unset attribute 'totaltasks' 5 occurrences
objects: total #103
        |--          6 (job)
        |--         96 (node)
        |--          1 (system)
/volume/home/peterbryz/.eclipsesettings/LML_color/LML_color_obj.pl
execute_step: output file not generated by step, renaming input file to ./tmp_fx02p08_14239/datastep_cacherawfile.xml ...
reading file: ./tmp_fx02p08_14239/datastep_cacherawfile.xml  ...
objects: total #103
        |--          6 (job)
        |--         96 (node)
        |--          1 (system)
reading file: ./tmp_fx02p08_14239/layout.xml  ...
objects: total #1
        |--          1 (job)
tablelayout: total #2
        |--        1x6 (tl_Run)
        |--        1x3 (nodes)
table: total #2
        |--        0x6 (org.eclipse.ptp.rm.lml.ui.ActiveJobsView)
        |--        0x3 (nodelist)
nodedisplaylayout: total #1
nodedisplay: total #1
scan system: type is Cluster
LML_gen_table::process: gid=org.eclipse.ptp.rm.lml.ui.ActiveJobsView contenttype=jobs objtype_pattern=job
Table Layout: tl_Run processed (6 objects found)
Table Layout: objects           of tl_Run copied (6 new objects)
Table Layout: info objects      of tl_Run copied (6 new objects)
Table Layout: info data objects of tl_Run copied (6 new objects)
_get_system_type: type is 'Cluster'
_get_system_type: name is 'fx02p08'
LML_gen_nodedisplay::process: gid=nd_1
LML2LML/LML2LML.pl: inserted 0 jobs in 0.0002 sec
Nodedisplay Layout: nodedisplay processed (0 objects found)
Nodedisplay Layout: objects           of nodedisplay copied (0 new objects)
Nodedisplay Layout: info objects      of nodedisplay copied (0 new objects)
Nodedisplay Layout: info data objects of nodedisplay copied (0 new objects)
Writing output: ./tmp_fx02p08_14239/datastep_LML2LML.xml
objects: total #8
        |--          7 (job)
        |--          1 (system)
tablelayout: total #1
        |--        1x8 (tl_Run)
table: total #1
        |--        6x6 (tl_Run)
nodedisplaylayout: total #1
nodedisplay: total #1
