LML_da_driver.pl: requestPath=-
LML_da_driver.pl: parsing XML requestPath in 0.0040 sec
------------------------------------------------------------------------------------------
  LLVIEW Data Access Workflow Manager Driver 1.18, starting at (Wed Jan 21 15:08:03 JST 2015)
   command line args: 
   option file  args: nocheckrequest keeptmp     (from file .LML_da_options)
   final options used are: quiet=>0 verbose=>0 test=>0 tmpdir=>./tmp_fx02p08_14239 rawfile=> dump=>0 demo=>0 cachedir=>/tmp/LMLCache_fx02p08/ keepperm=>1 keeptmp=>1 rms=>undef cacheinterval=>60 permdir=>./perm_fx02p08 cache=>1 nocheckrequest=>1 
------------------------------------------------------------------------------------------
LML_da_driver.pl: temporary directory not found, create new directory ./tmp_fx02p08_14239 ...
LML_da_driver.pl: tmpdir created (./tmp_fx02p08_14239)
LML_da_driver.pl: A cache update is required, will perform raw data update
LML_da_driver.pl: check request for rms hint ...
LML_da_driver.pl: found rms/COBALT_BG/da_check_info_LML.pl running test ...
LML_da_driver.pl: check_rms_COBALT_BG: no cmd found for partlist
LML_da_driver.pl: check_rms_COBALT_BG: no cmd found for qstat
LML_da_driver.pl: check_rms_COBALT_BG: seems not to be a COBALT_BG system
LML_da_driver.pl: found rms/GRIDENGINE/da_check_info_LML.pl running test ...
LML_da_driver.pl: check_rms_GRIDENGINE: no cmd found for qhost
LML_da_driver.pl: check_rms_GRIDENGINE: no cmd found for qstat
LML_da_driver.pl: check_rms_GRIDENGINE: seems not to be a Grid Engine system
LML_da_driver.pl: found rms/LL/da_check_info_LML.pl running test ...
LML_da_driver.pl: check_rms_LL: no cmd found for llstatus
LML_da_driver.pl: check_rms_LL: no cmd found for llq
LML_da_driver.pl: check_rms_LL: seems not to be a LL system
LML_da_driver.pl: found rms/LL_BG/da_check_info_LML.pl running test ...
LML_da_driver.pl: check_rms_LL_BG: no cmd found for llbgstatus
LML_da_driver.pl: check_rms_LL_BG: no cmd found for llbgstatus
LML_da_driver.pl: check_rms_LL_BG: no cmd found for llq
LML_da_driver.pl: check_rms_LL_BG: seems not to be a LL system
LML_da_driver.pl: found rms/LSF/da_check_info_LML.pl running test ...
LML_da_driver.pl: check_rms_LSF: no cmd found for lsid
LML_da_driver.pl: check_rms_LSF: no cmd found for bhosts
LML_da_driver.pl: check_rms_LSF: no cmd found for bjobs
LML_da_driver.pl: check_rms_LSF: seems not to be a LSF system
LML_da_driver.pl: found rms/MPICH2/da_check_info_LML.pl running test ...
LML_da_driver.pl:  ERROR could not run rms/rms/MPICH2/da_check_info_LML.pl (perhaps missing return code of script)
LML_da_driver.pl: found rms/OPENMPI/da_check_info_LML.pl running test ...
LML_da_driver.pl: found rms/PBS/da_check_info_LML.pl running test ...
LML_da_driver.pl: check_rms_PBS: no cmd found for pbsnodes
LML_da_driver.pl: check_rms_PBS: no cmd found for qstat
LML_da_driver.pl: check_rms_PBS: seems not to be a PBS system
LML_da_driver.pl: found rms/PE/da_check_info_LML.pl running test ...
LML_da_driver.pl: check_rms_PE: no cmd found for poe
LML_da_driver.pl: check_rms_PE: seems not to be a PE system
LML_da_driver.pl: found rms/PJM/da_check_info_LML.pl running test ...
LML_da_driver.pl: check_rms_PJM: found PJM commands (/usr/bin/pjstat,/usr/bin/pjshowrsc)
LML_da_driver.pl: rms/rms/PJM/da_check_info_LML.pl --> rms=PJM
LML_da_driver.pl: layoutfound=0 usedefaultlayout=1
LML_da_driver.pl: Waiting for cache mutex to be available
LML_da_driver.pl: Entered cache mutex
LML_da_driver.pl: executing: /usr/bin/perl ./LML_da.pl -c ./tmp_fx02p08_14239/workflow.xml > ./tmp_fx02p08_14239/LML_da.log 2> ./tmp_fx02p08_14239/LML_da.errlog ...
LML_da_driver.pl:                                                              -> ready, time used       0.80s
LML_da_driver.pl: Unlocked cache mutex
------------------------------------------------------------------------------------------
  LLVIEW Data Access Workflow Manager Driver 1.18, ending at   (Wed Jan 21 15:08:03 JST 2015)
------------------------------------------------------------------------------------------
